setting 'ivy.default.settings.dir' to 'jar:file:/home/jaime/Programs/util/bin/sbt-launch-0.7.4.jar!/org/apache/ivy/core/settings'
setting 'ivy.basedir' to '/media/DATA/sandbox/.'
setting 'ivy.default.conf.dir' to 'jar:file:/home/jaime/Programs/util/bin/sbt-launch-0.7.4.jar!/org/apache/ivy/core/settings'
impossible to define new type: class not found: org.apache.ivy.plugins.version.PatternVersionMatcher in [] nor Ivy classloader
impossible to define new type: class not found: org.apache.ivy.plugins.trigger.LogTrigger in [] nor Ivy classloader
impossible to define new type: class not found: org.apache.ivy.plugins.resolver.VsftpResolver in [] nor Ivy classloader
impossible to define new type: class not found: org.apache.ivy.plugins.conflict.RegexpConflictManager in [] nor Ivy classloader
impossible to define new type: class not found: org.apache.ivy.plugins.resolver.SshResolver in [] nor Ivy classloader
impossible to define new type: class not found: org.apache.ivy.plugins.resolver.VfsResolver in [] nor Ivy classloader
impossible to define new type: class not found: org.apache.ivy.plugins.resolver.SFTPResolver in [] nor Ivy classloader
impossible to define new type: class not found: org.apache.ivy.plugins.resolver.packager.PackagerResolver in [] nor Ivy classloader
impossible to define new type: class not found: org.apache.ivy.ant.AntCallTrigger in [] nor Ivy classloader
impossible to define new type: class not found: org.apache.ivy.plugins.resolver.IvyRepResolver in [] nor Ivy classloader
impossible to define new type: class not found: org.apache.ivy.ant.AntBuildTrigger in [] nor Ivy classloader
impossible to define glob matcher: org.apache.ivy.plugins.matcher.GlobPatternMatcher was not found.
setting 'java.runtime.name' to 'Java(TM) SE Runtime Environment'
setting 'sun.boot.library.path' to '/home/jaime/Programs/jdk1.6.0_20/jre/lib/amd64'
setting 'java.vm.version' to '16.3-b01'
setting 'java.vm.vendor' to 'Sun Microsystems Inc.'
setting 'java.vendor.url' to 'http://java.sun.com/'
setting 'path.separator' to ':'
setting 'java.vm.name' to 'Java HotSpot(TM) 64-Bit Server VM'
setting 'file.encoding.pkg' to 'sun.io'
setting 'sun.java.launcher' to 'SUN_STANDARD'
setting 'user.country' to 'US'
setting 'sun.os.patch.level' to 'unknown'
setting 'java.vm.specification.name' to 'Java Virtual Machine Specification'
setting 'user.dir' to '/media/DATA/sandbox'
setting 'java.runtime.version' to '1.6.0_20-b02'
setting 'java.awt.graphicsenv' to 'sun.awt.X11GraphicsEnvironment'
setting 'java.endorsed.dirs' to '/home/jaime/Programs/jdk1.6.0_20/jre/lib/endorsed'
setting 'os.arch' to 'amd64'
setting 'java.io.tmpdir' to '/tmp'
setting 'line.separator' to '
'
setting 'java.vm.specification.vendor' to 'Sun Microsystems Inc.'
setting 'os.name' to 'Linux'
setting 'sun.jnu.encoding' to 'UTF-8'
setting 'java.library.path' to '/home/jaime/Programs/jdk1.6.0_20/jre/lib/amd64/server:/home/jaime/Programs/jdk1.6.0_20/jre/lib/amd64:/home/jaime/Programs/jdk1.6.0_20/jre/../lib/amd64:/home/jaime/Programs/AVEOpenCL:/home/jaime/Programs/ati-stream-sdk-v2.01-lnx64/lib/x86_64::/usr/java/packages/lib/amd64:/usr/lib64:/lib64:/lib:/usr/lib'
setting 'java.specification.name' to 'Java Platform API Specification'
setting 'java.class.version' to '50.0'
setting 'sun.management.compiler' to 'HotSpot 64-Bit Server Compiler'
setting 'os.version' to '2.6.32-21-generic'
setting 'user.home' to '/home/jaime'
setting 'user.timezone' to 'Europe/Lisbon'
setting 'java.awt.printerjob' to 'sun.print.PSPrinterJob'
setting 'file.encoding' to 'UTF-8'
setting 'java.specification.version' to '1.6'
setting 'java.class.path' to '/home/jaime/Programs/util/bin/sbt-launch-0.7.4.jar'
setting 'user.name' to 'jaime'
setting 'java.vm.specification.version' to '1.0'
setting 'java.home' to '/home/jaime/Programs/jdk1.6.0_20/jre'
setting 'sun.arch.data.model' to '64'
setting 'user.language' to 'en'
setting 'java.specification.vendor' to 'Sun Microsystems Inc.'
setting 'java.vm.info' to 'mixed mode'
setting 'java.version' to '1.6.0_20'
setting 'java.ext.dirs' to '/home/jaime/Programs/jdk1.6.0_20/jre/lib/ext:/usr/java/packages/lib/ext'
setting 'sun.boot.class.path' to '/home/jaime/Programs/jdk1.6.0_20/jre/lib/resources.jar:/home/jaime/Programs/jdk1.6.0_20/jre/lib/rt.jar:/home/jaime/Programs/jdk1.6.0_20/jre/lib/sunrsasign.jar:/home/jaime/Programs/jdk1.6.0_20/jre/lib/jsse.jar:/home/jaime/Programs/jdk1.6.0_20/jre/lib/jce.jar:/home/jaime/Programs/jdk1.6.0_20/jre/lib/charsets.jar:/home/jaime/Programs/jdk1.6.0_20/jre/classes'
setting 'java.vendor' to 'Sun Microsystems Inc.'
setting 'file.separator' to '/'
setting 'java.vendor.url.bug' to 'http://java.sun.com/cgi-bin/bugreport.cgi'
setting 'sun.io.unicode.encoding' to 'UnicodeLittle'
setting 'sun.cpu.endian' to 'little'
setting 'sun.desktop' to 'gnome'
setting 'sun.cpu.isalist' to ''
setting 'ivy.default.ivy.user.dir' to '/home/jaime/.ivy2'
setting 'ivy.home' to '/home/jaime/.ivy2'
no default ivy user dir defined: set to /home/jaime/.ivy2
setting 'ivy.cache.dir' to '/home/jaime/.ivy2/cache'
no default cache defined: set to /home/jaime/.ivy2/cache
setting 'ivy.basedir' to '/media/DATA/sandbox/project/boot'
setting 'basedir' to '/media/DATA/sandbox/project/boot'
setting 'scala' to '2.8.1'
:: resolving dependencies :: org.scala-tools.sbt#boot-scala;1.0
	confs: [default]
	validate = true
	refresh = false
resolving dependencies for configuration 'default'
== resolving dependencies for org.scala-tools.sbt#boot-scala;1.0 [default]
loadData of org.scala-tools.sbt#boot-scala;1.0 of rootConf=default
== resolving dependencies org.scala-tools.sbt#boot-scala;1.0->org.scala-lang#scala-compiler;2.8.1 [default->default]
loadData of org.scala-lang#scala-compiler;2.8.1 of rootConf=default
	using redefined-public to resolve org.scala-lang#scala-compiler;2.8.1
redefined-public: Checking cache for: dependency: org.scala-lang#scala-compiler;2.8.1 {default=[default]}
redefined-public: no namespace defined: using system
	no ivy file in cache for org.scala-lang#scala-compiler;2.8.1: tried /home/jaime/.ivy2/cache/org.scala-lang/scala-compiler/ivy-2.8.1.xml
redefined-public: no latest strategy defined: using default
local: no namespace defined: using system
	no ivy file in cache for org.scala-lang#scala-compiler;2.8.1: tried /home/jaime/.ivy2/cache/org.scala-lang/scala-compiler/ivy-2.8.1.xml
	 trying /home/jaime/.ivy2/local/org.scala-lang/scala-compiler/2.8.1/ivys/ivy.xml
		tried /home/jaime/.ivy2/local/org.scala-lang/scala-compiler/2.8.1/ivys/ivy.xml
	local: resource not reachable for org.scala-lang#scala-compiler;2.8.1: res=/home/jaime/.ivy2/local/org.scala-lang/scala-compiler/2.8.1/ivys/ivy.xml
	 trying /home/jaime/.ivy2/local/org.scala-lang/scala-compiler/2.8.1/jars/scala-compiler.jar
		tried /home/jaime/.ivy2/local/org.scala-lang/scala-compiler/2.8.1/jars/scala-compiler.jar
	local: resource not reachable for org.scala-lang#scala-compiler;2.8.1: res=/home/jaime/.ivy2/local/org.scala-lang/scala-compiler/2.8.1/jars/scala-compiler.jar
	local: no ivy file nor artifact found for org.scala-lang#scala-compiler;2.8.1
Maven2 Local: no namespace defined: using system
	no ivy file in cache for org.scala-lang#scala-compiler;2.8.1: tried /home/jaime/.ivy2/cache/org.scala-lang/scala-compiler/ivy-2.8.1.xml
	 trying file:///home/jaime/.m2/repository/org/scala-lang/scala-compiler/2.8.1/scala-compiler-2.8.1.pom
		tried file:///home/jaime/.m2/repository/org/scala-lang/scala-compiler/2.8.1/scala-compiler-2.8.1.pom
	Maven2 Local: found md file for org.scala-lang#scala-compiler;2.8.1
		=> file:/home/jaime/.m2/repository/org/scala-lang/scala-compiler/2.8.1/scala-compiler-2.8.1.pom (2.8.1)
	parser = pom parser
	no ivy file in cache for org.scala-lang#scala-compiler;2.8.1: tried /home/jaime/.ivy2/cache/org.scala-lang/scala-compiler/ivy-2.8.1.xml
downloading file:/home/jaime/.m2/repository/org/scala-lang/scala-compiler/2.8.1/scala-compiler-2.8.1.pom ...
	Maven2 Local: downloading file:/home/jaime/.m2/repository/org/scala-lang/scala-compiler/2.8.1/scala-compiler-2.8.1.pom
		to /home/jaime/.ivy2/cache/org.scala-lang/scala-compiler/ivy-2.8.1.xml.original.part
	[SUCCESSFUL ] org.scala-lang#scala-compiler;2.8.1!scala-compiler.pom(pom.original) (1ms)
	 trying /home/jaime/.ivy2/local/org.scala-lang/scala-compiler/2.8.1/jars/scala-compiler.jar
		tried /home/jaime/.ivy2/local/org.scala-lang/scala-compiler/2.8.1/jars/scala-compiler.jar
	local: resource not reachable for org.scala-lang#scala-compiler;2.8.1: res=/home/jaime/.ivy2/local/org.scala-lang/scala-compiler/2.8.1/jars/scala-compiler.jar
	 trying file:///home/jaime/.m2/repository/org/scala-lang/scala-compiler/2.8.1/scala-compiler-2.8.1.jar
		tried file:///home/jaime/.m2/repository/org/scala-lang/scala-compiler/2.8.1/scala-compiler-2.8.1.jar
	 trying /home/jaime/.ivy2/local/org.scala-lang/scala-compiler/2.8.1/sources/scala-compiler-sources.jar
		tried /home/jaime/.ivy2/local/org.scala-lang/scala-compiler/2.8.1/sources/scala-compiler-sources.jar
	local: resource not reachable for org.scala-lang#scala-compiler;2.8.1: res=/home/jaime/.ivy2/local/org.scala-lang/scala-compiler/2.8.1/sources/scala-compiler-sources.jar
	 trying file:///home/jaime/.m2/repository/org/scala-lang/scala-compiler/2.8.1/scala-compiler-2.8.1-sources.jar
		tried file:///home/jaime/.m2/repository/org/scala-lang/scala-compiler/2.8.1/scala-compiler-2.8.1-sources.jar
	Maven2 Local: resource not reachable for org/scala-lang#scala-compiler;2.8.1: res=file:/home/jaime/.m2/repository/org/scala-lang/scala-compiler/2.8.1/scala-compiler-2.8.1-sources.jar
	 trying http://databinder.net/repo/org.scala-lang/scala-compiler/2.8.1/sources/scala-compiler-sources.jar
		tried http://databinder.net/repo/org.scala-lang/scala-compiler/2.8.1/sources/scala-compiler-sources.jar
HTTP response status: 404 url=http://databinder.net/repo/org.scala-lang/scala-compiler/2.8.1/sources/scala-compiler-sources.jar
CLIENT ERROR: Not Found url=http://databinder.net/repo/org.scala-lang/scala-compiler/2.8.1/sources/scala-compiler-sources.jar
	sbt-db: resource not reachable for org.scala-lang#scala-compiler;2.8.1: res=http://databinder.net/repo/org.scala-lang/scala-compiler/2.8.1/sources/scala-compiler-sources.jar
	 trying http://repo1.maven.org/maven2/org/scala-lang/scala-compiler/2.8.1/scala-compiler-2.8.1-sources.jar
		tried http://repo1.maven.org/maven2/org/scala-lang/scala-compiler/2.8.1/scala-compiler-2.8.1-sources.jar
source artifact found for org.scala-lang#scala-compiler;2.8.1
	 trying /home/jaime/.ivy2/local/org.scala-lang/scala-compiler/2.8.1/javadocs/scala-compiler-javadoc.jar
		tried /home/jaime/.ivy2/local/org.scala-lang/scala-compiler/2.8.1/javadocs/scala-compiler-javadoc.jar
	local: resource not reachable for org.scala-lang#scala-compiler;2.8.1: res=/home/jaime/.ivy2/local/org.scala-lang/scala-compiler/2.8.1/javadocs/scala-compiler-javadoc.jar
	 trying file:///home/jaime/.m2/repository/org/scala-lang/scala-compiler/2.8.1/scala-compiler-2.8.1-javadoc.jar
		tried file:///home/jaime/.m2/repository/org/scala-lang/scala-compiler/2.8.1/scala-compiler-2.8.1-javadoc.jar
	Maven2 Local: resource not reachable for org/scala-lang#scala-compiler;2.8.1: res=file:/home/jaime/.m2/repository/org/scala-lang/scala-compiler/2.8.1/scala-compiler-2.8.1-javadoc.jar
	 trying http://databinder.net/repo/org.scala-lang/scala-compiler/2.8.1/javadocs/scala-compiler-javadoc.jar
		tried http://databinder.net/repo/org.scala-lang/scala-compiler/2.8.1/javadocs/scala-compiler-javadoc.jar
HTTP response status: 404 url=http://databinder.net/repo/org.scala-lang/scala-compiler/2.8.1/javadocs/scala-compiler-javadoc.jar
CLIENT ERROR: Not Found url=http://databinder.net/repo/org.scala-lang/scala-compiler/2.8.1/javadocs/scala-compiler-javadoc.jar
	sbt-db: resource not reachable for org.scala-lang#scala-compiler;2.8.1: res=http://databinder.net/repo/org.scala-lang/scala-compiler/2.8.1/javadocs/scala-compiler-javadoc.jar
	 trying http://repo1.maven.org/maven2/org/scala-lang/scala-compiler/2.8.1/scala-compiler-2.8.1-javadoc.jar
		tried http://repo1.maven.org/maven2/org/scala-lang/scala-compiler/2.8.1/scala-compiler-2.8.1-javadoc.jar
HTTP response status: 404 url=http://repo1.maven.org/maven2/org/scala-lang/scala-compiler/2.8.1/scala-compiler-2.8.1-javadoc.jar
CLIENT ERROR: Not Found url=http://repo1.maven.org/maven2/org/scala-lang/scala-compiler/2.8.1/scala-compiler-2.8.1-javadoc.jar
	Maven Central: resource not reachable for org/scala-lang#scala-compiler;2.8.1: res=http://repo1.maven.org/maven2/org/scala-lang/scala-compiler/2.8.1/scala-compiler-2.8.1-javadoc.jar
	 trying http://scala-tools.org/repo-releases/org/scala-lang/scala-compiler/2.8.1/scala-compiler-2.8.1-javadoc.jar
		tried http://scala-tools.org/repo-releases/org/scala-lang/scala-compiler/2.8.1/scala-compiler-2.8.1-javadoc.jar
HTTP response status: 404 url=http://scala-tools.org/repo-releases/org/scala-lang/scala-compiler/2.8.1/scala-compiler-2.8.1-javadoc.jar
CLIENT ERROR: Not Found url=http://scala-tools.org/repo-releases/org/scala-lang/scala-compiler/2.8.1/scala-compiler-2.8.1-javadoc.jar
	Scala-Tools Maven2 Repository: resource not reachable for org/scala-lang#scala-compiler;2.8.1: res=http://scala-tools.org/repo-releases/org/scala-lang/scala-compiler/2.8.1/scala-compiler-2.8.1-javadoc.jar
	 trying http://scala-tools.org/repo-snapshots/org/scala-lang/scala-compiler/2.8.1/scala-compiler-2.8.1-javadoc.jar
		tried http://scala-tools.org/repo-snapshots/org/scala-lang/scala-compiler/2.8.1/scala-compiler-2.8.1-javadoc.jar
HTTP response status: 404 url=http://scala-tools.org/repo-snapshots/org/scala-lang/scala-compiler/2.8.1/scala-compiler-2.8.1-javadoc.jar
CLIENT ERROR: Not Found url=http://scala-tools.org/repo-snapshots/org/scala-lang/scala-compiler/2.8.1/scala-compiler-2.8.1-javadoc.jar
	Scala-Tools Maven2 Snapshots Repository: resource not reachable for org/scala-lang#scala-compiler;2.8.1: res=http://scala-tools.org/repo-snapshots/org/scala-lang/scala-compiler/2.8.1/scala-compiler-2.8.1-javadoc.jar
no javadoc artifact found for org.scala-lang#scala-compiler;2.8.1
	default-cache: parsed downloaded md file for org.scala-lang#scala-compiler;2.8.1; parsed=org.scala-lang#scala-compiler;2.8.1
	checking org.scala-lang#scala-compiler;2.8.1 from Maven2 Local against [none]
	module revision kept as first found: org.scala-lang#scala-compiler;2.8.1 from Maven2 Local
	found org.scala-lang#scala-compiler;2.8.1 in Maven2 Local
== resolving dependencies org.scala-tools.sbt#boot-scala;1.0->org.scala-lang#scala-compiler;2.8.1 [default->runtime]
loadData of org.scala-lang#scala-compiler;2.8.1 of rootConf=default
== resolving dependencies org.scala-tools.sbt#boot-scala;1.0->org.scala-lang#scala-compiler;2.8.1 [default->compile]
loadData of org.scala-lang#scala-compiler;2.8.1 of rootConf=default
== resolving dependencies org.scala-lang#scala-compiler;2.8.1->org.scala-lang#scala-library;2.8.1 [compile->master(*)]
loadData of org.scala-lang#scala-library;2.8.1 of rootConf=default
	using redefined-public to resolve org.scala-lang#scala-library;2.8.1
redefined-public: Checking cache for: dependency: org.scala-lang#scala-library;2.8.1 {compile=[compile(*), master(*)], runtime=[runtime(*)]}
	no ivy file in cache for org.scala-lang#scala-library;2.8.1: tried /home/jaime/.ivy2/cache/org.scala-lang/scala-library/ivy-2.8.1.xml
	no ivy file in cache for org.scala-lang#scala-library;2.8.1: tried /home/jaime/.ivy2/cache/org.scala-lang/scala-library/ivy-2.8.1.xml
	 trying /home/jaime/.ivy2/local/org.scala-lang/scala-library/2.8.1/ivys/ivy.xml
		tried /home/jaime/.ivy2/local/org.scala-lang/scala-library/2.8.1/ivys/ivy.xml
	local: resource not reachable for org.scala-lang#scala-library;2.8.1: res=/home/jaime/.ivy2/local/org.scala-lang/scala-library/2.8.1/ivys/ivy.xml
	 trying /home/jaime/.ivy2/local/org.scala-lang/scala-library/2.8.1/jars/scala-library.jar
		tried /home/jaime/.ivy2/local/org.scala-lang/scala-library/2.8.1/jars/scala-library.jar
	local: resource not reachable for org.scala-lang#scala-library;2.8.1: res=/home/jaime/.ivy2/local/org.scala-lang/scala-library/2.8.1/jars/scala-library.jar
	local: no ivy file nor artifact found for org.scala-lang#scala-library;2.8.1
	no ivy file in cache for org.scala-lang#scala-library;2.8.1: tried /home/jaime/.ivy2/cache/org.scala-lang/scala-library/ivy-2.8.1.xml
	 trying file:///home/jaime/.m2/repository/org/scala-lang/scala-library/2.8.1/scala-library-2.8.1.pom
		tried file:///home/jaime/.m2/repository/org/scala-lang/scala-library/2.8.1/scala-library-2.8.1.pom
	Maven2 Local: found md file for org.scala-lang#scala-library;2.8.1
		=> file:/home/jaime/.m2/repository/org/scala-lang/scala-library/2.8.1/scala-library-2.8.1.pom (2.8.1)
	parser = pom parser
	no ivy file in cache for org.scala-lang#scala-library;2.8.1: tried /home/jaime/.ivy2/cache/org.scala-lang/scala-library/ivy-2.8.1.xml
downloading file:/home/jaime/.m2/repository/org/scala-lang/scala-library/2.8.1/scala-library-2.8.1.pom ...
	Maven2 Local: downloading file:/home/jaime/.m2/repository/org/scala-lang/scala-library/2.8.1/scala-library-2.8.1.pom
		to /home/jaime/.ivy2/cache/org.scala-lang/scala-library/ivy-2.8.1.xml.original.part
	[SUCCESSFUL ] org.scala-lang#scala-library;2.8.1!scala-library.pom(pom.original) (4ms)
	 trying /home/jaime/.ivy2/local/org.scala-lang/scala-library/2.8.1/jars/scala-library.jar
		tried /home/jaime/.ivy2/local/org.scala-lang/scala-library/2.8.1/jars/scala-library.jar
	local: resource not reachable for org.scala-lang#scala-library;2.8.1: res=/home/jaime/.ivy2/local/org.scala-lang/scala-library/2.8.1/jars/scala-library.jar
	 trying file:///home/jaime/.m2/repository/org/scala-lang/scala-library/2.8.1/scala-library-2.8.1.jar
		tried file:///home/jaime/.m2/repository/org/scala-lang/scala-library/2.8.1/scala-library-2.8.1.jar
	 trying /home/jaime/.ivy2/local/org.scala-lang/scala-library/2.8.1/sources/scala-library-sources.jar
		tried /home/jaime/.ivy2/local/org.scala-lang/scala-library/2.8.1/sources/scala-library-sources.jar
	local: resource not reachable for org.scala-lang#scala-library;2.8.1: res=/home/jaime/.ivy2/local/org.scala-lang/scala-library/2.8.1/sources/scala-library-sources.jar
	 trying file:///home/jaime/.m2/repository/org/scala-lang/scala-library/2.8.1/scala-library-2.8.1-sources.jar
		tried file:///home/jaime/.m2/repository/org/scala-lang/scala-library/2.8.1/scala-library-2.8.1-sources.jar
	Maven2 Local: resource not reachable for org/scala-lang#scala-library;2.8.1: res=file:/home/jaime/.m2/repository/org/scala-lang/scala-library/2.8.1/scala-library-2.8.1-sources.jar
	 trying http://databinder.net/repo/org.scala-lang/scala-library/2.8.1/sources/scala-library-sources.jar
		tried http://databinder.net/repo/org.scala-lang/scala-library/2.8.1/sources/scala-library-sources.jar
HTTP response status: 404 url=http://databinder.net/repo/org.scala-lang/scala-library/2.8.1/sources/scala-library-sources.jar
CLIENT ERROR: Not Found url=http://databinder.net/repo/org.scala-lang/scala-library/2.8.1/sources/scala-library-sources.jar
	sbt-db: resource not reachable for org.scala-lang#scala-library;2.8.1: res=http://databinder.net/repo/org.scala-lang/scala-library/2.8.1/sources/scala-library-sources.jar
	 trying http://repo1.maven.org/maven2/org/scala-lang/scala-library/2.8.1/scala-library-2.8.1-sources.jar
		tried http://repo1.maven.org/maven2/org/scala-lang/scala-library/2.8.1/scala-library-2.8.1-sources.jar
source artifact found for org.scala-lang#scala-library;2.8.1
	 trying /home/jaime/.ivy2/local/org.scala-lang/scala-library/2.8.1/javadocs/scala-library-javadoc.jar
		tried /home/jaime/.ivy2/local/org.scala-lang/scala-library/2.8.1/javadocs/scala-library-javadoc.jar
	local: resource not reachable for org.scala-lang#scala-library;2.8.1: res=/home/jaime/.ivy2/local/org.scala-lang/scala-library/2.8.1/javadocs/scala-library-javadoc.jar
	 trying file:///home/jaime/.m2/repository/org/scala-lang/scala-library/2.8.1/scala-library-2.8.1-javadoc.jar
		tried file:///home/jaime/.m2/repository/org/scala-lang/scala-library/2.8.1/scala-library-2.8.1-javadoc.jar
	Maven2 Local: resource not reachable for org/scala-lang#scala-library;2.8.1: res=file:/home/jaime/.m2/repository/org/scala-lang/scala-library/2.8.1/scala-library-2.8.1-javadoc.jar
	 trying http://databinder.net/repo/org.scala-lang/scala-library/2.8.1/javadocs/scala-library-javadoc.jar
		tried http://databinder.net/repo/org.scala-lang/scala-library/2.8.1/javadocs/scala-library-javadoc.jar
HTTP response status: 404 url=http://databinder.net/repo/org.scala-lang/scala-library/2.8.1/javadocs/scala-library-javadoc.jar
CLIENT ERROR: Not Found url=http://databinder.net/repo/org.scala-lang/scala-library/2.8.1/javadocs/scala-library-javadoc.jar
	sbt-db: resource not reachable for org.scala-lang#scala-library;2.8.1: res=http://databinder.net/repo/org.scala-lang/scala-library/2.8.1/javadocs/scala-library-javadoc.jar
	 trying http://repo1.maven.org/maven2/org/scala-lang/scala-library/2.8.1/scala-library-2.8.1-javadoc.jar
		tried http://repo1.maven.org/maven2/org/scala-lang/scala-library/2.8.1/scala-library-2.8.1-javadoc.jar
javadoc artifact found for org.scala-lang#scala-library;2.8.1
	default-cache: parsed downloaded md file for org.scala-lang#scala-library;2.8.1; parsed=org.scala-lang#scala-library;2.8.1
	checking org.scala-lang#scala-library;2.8.1 from Maven2 Local against [none]
	module revision kept as first found: org.scala-lang#scala-library;2.8.1 from Maven2 Local
	found org.scala-lang#scala-library;2.8.1 in Maven2 Local
== resolving dependencies org.scala-lang#scala-compiler;2.8.1->org.scala-lang#scala-library;2.8.1 [compile->compile(*)]
loadData of org.scala-lang#scala-library;2.8.1 of rootConf=default
== resolving dependencies org.scala-lang#scala-compiler;2.8.1->org.scala-lang#scala-library;2.8.1 [compile->default]
loadData of org.scala-lang#scala-library;2.8.1 of rootConf=default
== resolving dependencies org.scala-lang#scala-compiler;2.8.1->org.scala-lang#scala-library;2.8.1 [compile->runtime]
loadData of org.scala-lang#scala-library;2.8.1 of rootConf=default
== resolving dependencies org.scala-lang#scala-compiler;2.8.1->org.scala-lang#scala-library;2.8.1 [compile->compile]
loadData of org.scala-lang#scala-library;2.8.1 of rootConf=default
== resolving dependencies org.scala-lang#scala-compiler;2.8.1->org.scala-lang#scala-library;2.8.1 [compile->master]
loadData of org.scala-lang#scala-library;2.8.1 of rootConf=default
== resolving dependencies org.scala-lang#scala-compiler;2.8.1->org.scala-lang#scala-library;2.8.1 [runtime->runtime(*)]
loadData of org.scala-lang#scala-library;2.8.1 of rootConf=default
== resolving dependencies org.scala-lang#scala-compiler;2.8.1->org.scala-lang#scala-library;2.8.1 [runtime->compile]
loadData of org.scala-lang#scala-library;2.8.1 of rootConf=default
default is loaded and no conf to load.  Skip loading
== resolving dependencies org.scala-tools.sbt#boot-scala;1.0->org.scala-lang#scala-compiler;2.8.1 [default->master]
loadData of org.scala-lang#scala-compiler;2.8.1 of rootConf=default
== resolving dependencies org.scala-tools.sbt#boot-scala;1.0->org.scala-lang#scala-library;2.8.1 [default->default]
loadData of org.scala-lang#scala-library;2.8.1 of rootConf=default
default is loaded and no conf to load.  Skip loading
== resolving dependencies org.scala-tools.sbt#boot-scala;1.0->org.scala-lang#scala-library;2.8.1 [default->runtime]
loadData of org.scala-lang#scala-library;2.8.1 of rootConf=default
default is loaded and no conf to load.  Skip loading
== resolving dependencies org.scala-tools.sbt#boot-scala;1.0->org.scala-lang#scala-library;2.8.1 [default->compile]
loadData of org.scala-lang#scala-library;2.8.1 of rootConf=default
default is loaded and no conf to load.  Skip loading
== resolving dependencies org.scala-tools.sbt#boot-scala;1.0->org.scala-lang#scala-library;2.8.1 [default->master]
loadData of org.scala-lang#scala-library;2.8.1 of rootConf=default
default is loaded and no conf to load.  Skip loading
Nbr of module to sort : 2
Sort dependencies of : org.scala-lang#scala-compiler;2.8.1 / Number of dependencies = 2
Sort dependencies of : org.scala-lang#scala-library;2.8.1 / Number of dependencies = 0
Sort done for : org.scala-lang#scala-library;2.8.1
Sort done for : org.scala-lang#scala-compiler;2.8.1
Module descriptor is processed : org.scala-lang#scala-library;2.8.1
	resolved ivy file produced in /home/jaime/.ivy2/cache/resolved-org.scala-tools.sbt-boot-scala-1.0.xml
:: downloading artifacts ::
	 trying file:///home/jaime/.m2/repository/org/scala-lang/scala-compiler/2.8.1/scala-compiler-2.8.1.jar
		tried file:///home/jaime/.m2/repository/org/scala-lang/scala-compiler/2.8.1/scala-compiler-2.8.1.jar
downloading file:/home/jaime/.m2/repository/org/scala-lang/scala-compiler/2.8.1/scala-compiler-2.8.1.jar ...
	Maven2 Local: downloading file:/home/jaime/.m2/repository/org/scala-lang/scala-compiler/2.8.1/scala-compiler-2.8.1.jar
		to /home/jaime/.ivy2/cache/org.scala-lang/scala-compiler/jars/scala-compiler-2.8.1.jar.part
	[SUCCESSFUL ] org.scala-lang#scala-compiler;2.8.1!scala-compiler.jar (19ms)
	 trying file:///home/jaime/.m2/repository/org/scala-lang/scala-library/2.8.1/scala-library-2.8.1.jar
		tried file:///home/jaime/.m2/repository/org/scala-lang/scala-library/2.8.1/scala-library-2.8.1.jar
downloading file:/home/jaime/.m2/repository/org/scala-lang/scala-library/2.8.1/scala-library-2.8.1.jar ...
	Maven2 Local: downloading file:/home/jaime/.m2/repository/org/scala-lang/scala-library/2.8.1/scala-library-2.8.1.jar
		to /home/jaime/.ivy2/cache/org.scala-lang/scala-library/jars/scala-library-2.8.1.jar.part
	[SUCCESSFUL ] org.scala-lang#scala-library;2.8.1!scala-library.jar (20ms)
:: resolution report :: resolve 7627ms :: artifacts dl 42ms
Nbr of module to sort : 2
Sort dependencies of : org.scala-lang#scala-compiler;2.8.1 / Number of dependencies = 2
Sort dependencies of : org.scala-lang#scala-library;2.8.1 / Number of dependencies = 0
Sort done for : org.scala-lang#scala-library;2.8.1
Sort done for : org.scala-lang#scala-compiler;2.8.1
Module descriptor is processed : org.scala-lang#scala-library;2.8.1
	report for org.scala-tools.sbt#boot-scala;1.0 default produced in /home/jaime/.ivy2/cache/org.scala-tools.sbt-boot-scala-default.xml
	resolve done (7627ms resolve - 42ms download)
:: retrieving :: org.scala-tools.sbt#boot-scala
	checkUpToDate=true
no explicit confs given for retrieve, using ivy file: /home/jaime/.ivy2/cache/resolved-org.scala-tools.sbt-boot-scala-1.0.xml
using ivy parser to parse /home/jaime/.ivy2/cache/resolved-org.scala-tools.sbt-boot-scala-1.0.xml
pre 1.3 ivy file: using exactOrRegexp as default matcher
	confs: [default]
	retrieving /home/jaime/.ivy2/cache/org.scala-lang/scala-compiler/jars/scala-compiler-2.8.1.jar
		to /media/DATA/sandbox/project/boot/scala-2.8.1/lib/scala-compiler.jar
	retrieving /home/jaime/.ivy2/cache/org.scala-lang/scala-library/jars/scala-library-2.8.1.jar
		to /media/DATA/sandbox/project/boot/scala-2.8.1/lib/scala-library.jar
	2 artifacts copied, 0 already retrieved (15118kB/281ms)
	retrieve done (281ms)
